[2026-06-11 19:53:14] [INFO] Starting Pharmacy Inventory Sync Agent...
[2026-06-11 19:53:14] [INFO] Configuration loaded successfully.
[2026-06-11 19:53:14] [INFO] Connecting to SQL Server: .\SQLEXPRESS...
[2026-06-11 19:53:14] [INFO] Using Windows Authentication (Integrated Security).
[2026-06-11 19:53:14] [INFO] SQL Connection Status: SUCCESS
[2026-06-11 19:53:14] [INFO] Loading products and calculating stock...
[2026-06-11 19:53:14] [INFO] Number Of Products Loaded: 30250
[2026-06-11 19:53:14] [INFO] Preparing data for API...
[2026-06-11 19:53:16] [INFO] Number Of Products After Filtering: 30250
[2026-06-11 19:53:16] [INFO] Splitting into 61 batches of 500 products each...
[2026-06-11 19:53:16] [INFO] Processing Batch 1/61 (500 products)...
[2026-06-11 19:53:16] [INFO] Sending Batch 1 to API...
[2026-06-11 19:53:17] [INFO] Batch 1 SUCCESS
[2026-06-11 19:53:17] [INFO] API Response: {"status":"success","message":"تم إرسال طلب المزامنة إلى الـ queue بنجاح","products_count":500}
[2026-06-11 19:53:18] [INFO] Processing Batch 2/61 (500 products)...
[2026-06-11 19:53:18] [INFO] Sending Batch 2 to API...
[2026-06-11 19:53:19] [INFO] Batch 2 SUCCESS
[2026-06-11 19:53:19] [INFO] API Response: {"status":"success","message":"تم إرسال طلب المزامنة إلى الـ queue بنجاح","products_count":500}
[2026-06-11 19:53:20] [INFO] Processing Batch 3/61 (500 products)...
[2026-06-11 19:53:20] [INFO] Sending Batch 3 to API...
[2026-06-11 19:53:21] [INFO] Batch 3 SUCCESS
[2026-06-11 19:53:21] [INFO] API Response: {"status":"success","message":"تم إرسال طلب المزامنة إلى الـ queue بنجاح","products_count":500}
[2026-06-11 19:53:22] [INFO] Processing Batch 4/61 (500 products)...
[2026-06-11 19:53:22] [INFO] Sending Batch 4 to API...
[2026-06-11 19:53:23] [INFO] Batch 4 SUCCESS
[2026-06-11 19:53:23] [INFO] API Response: {"status":"success","message":"تم إرسال طلب المزامنة إلى الـ queue بنجاح","products_count":500}
[2026-06-11 19:53:24] [INFO] Processing Batch 5/61 (500 products)...
[2026-06-11 19:53:24] [INFO] Sending Batch 5 to API...
[2026-06-11 19:53:25] [INFO] Batch 5 SUCCESS
[2026-06-11 19:53:25] [INFO] API Response: {"status":"success","message":"تم إرسال طلب المزامنة إلى الـ queue بنجاح","products_count":500}
[2026-06-11 19:53:26] [INFO] Processing Batch 6/61 (500 products)...
[2026-06-11 19:53:26] [INFO] Sending Batch 6 to API...
